<?xml version="1.0" encoding="UTF-8"?>
<testsuite name="YatzyTest" tests="1" skipped="0" failures="0" errors="0" timestamp="2020-05-22T01:25:02" hostname="Suryas-MB-Pro.local" time="0.022">
  <properties/>
  <testcase name="one_pair" classname="YatzyTest" time="0.022"/>
  <system-out><![CDATA[{3=2}
{5=2, 3=3}
{5=2, 6=2}
]]></system-out>
  <system-err><![CDATA[]]></system-err>
</testsuite>
